<?xml version="1.0" encoding="UTF-8"?>
<!-- Generated by org.testng.reporters.JUnitReportReporter -->
<testsuite hostname="LAPTOP-D3CDQ6V1" failures="0" tests="1" name="com.subrutin.selenium.nostra.HomePageTest" time="2.235" errors="0" timestamp="2021-11-05T06:56:47 ICT" skipped="0">
  <testcase classname="com.subrutin.selenium.nostra.HomePageTest" name="clickTest" time="2.235"/>
  <system-out/>
</testsuite> <!-- com.subrutin.selenium.nostra.HomePageTest -->
